<?xml version="1.0" encoding="UTF-8"?>
<!-- Generated by org.testng.reporters.JUnitReportReporter -->
<testsuite hostname="LAPTOP-2U3258KH" failures="0" tests="1" name="luma_testcase_baseclass.Luma_Login_testCase" time="9.952" errors="0" timestamp="2024-06-03T10:50:24 IST" skipped="0">
  <testcase classname="luma_testcase_baseclass.Luma_Login_testCase" name="test" time="9.952"/>
</testsuite> <!-- luma_testcase_baseclass.Luma_Login_testCase -->
