<?xml version="1.0" encoding="UTF-8"?>
<!-- Generated by org.testng.reporters.JUnitReportReporter -->
<testsuite hostname="LAPTOP-2U3258KH" failures="0" tests="2" name="luma_testcase_baseclass.Datadriven_Test" time="3.891" errors="0" timestamp="2024-06-03T22:36:19 IST" skipped="0">
  <testcase classname="luma_testcase_baseclass.Datadriven_Test" name="dataDrivenTest" time="0.272"/>
  <testcase classname="luma_testcase_baseclass.Datadriven_Test" name="dataDrivenTest" time="3.619"/>
</testsuite> <!-- luma_testcase_baseclass.Datadriven_Test -->
