<?xml version="1.0" encoding="UTF-8"?>
<!-- Generated by org.testng.reporters.JUnitReportReporter -->
<testsuite hostname="LAPTOP-2U3258KH" failures="0" tests="2" name="luma_testcase_baseclass.Datadriven_Test" time="3.198" errors="0" timestamp="2024-06-04T12:36:20 IST" skipped="0">
  <testcase classname="luma_testcase_baseclass.Datadriven_Test" name="dataDrivenTest" time="2.832"/>
  <testcase classname="luma_testcase_baseclass.Datadriven_Test" name="dataDrivenTest" time="0.366"/>
</testsuite> <!-- luma_testcase_baseclass.Datadriven_Test -->
